# JRE version: OpenJDK Runtime Environment (17.0.10+7) (build 17.0.10+7-Ubuntu-122.04.1)
# Java VM: OpenJDK 64-Bit Server VM (17.0.10+7-Ubuntu-122.04.1, mixed mode, sharing, tiered, compressed oops, compressed class ptrs, g1 gc, linux-amd64)
GC Precious Log:
 CPUs: 4 total, 4 available
 Memory: 7596M
 Large Page Support: Disabled
 NUMA Support: Disabled
 Compressed Oops: Enabled (32-bit)
 Heap Region Size: 1M
 Heap Min Capacity: 8M
 Heap Initial Capacity: 120M
 Heap Max Capacity: 1900M
 Pre-touch: Disabled
 Parallel Workers: 4
 Concurrent Workers: 1
 Concurrent Refinement Workers: 4
 Periodic GC: Disabled
Heap:
 garbage-first heap   total 124928K, used 45831K [0x0000000089400000, 0x0000000100000000)
  region size 1024K, 44 young (45056K), 4 survivors (4096K)
 Metaspace       used 19884K, committed 20224K, reserved 1114112K
  class space    used 2469K, committed 2624K, reserved 1048576K
GC Heap History (6 events):
Event: 0,677 GC heap before
{Heap before GC invocations=0 (full 0):
 garbage-first heap   total 124928K, used 14256K [0x0000000089400000, 0x0000000100000000)
  region size 1024K, 13 young (13312K), 0 survivors (0K)
 Metaspace       used 3058K, committed 3328K, reserved 1114112K
  class space    used 320K, committed 448K, reserved 1048576K
}
Event: 0,680 GC heap after
{Heap after GC invocations=1 (full 0):
 garbage-first heap   total 124928K, used 2160K [0x0000000089400000, 0x0000000100000000)
  region size 1024K, 2 young (2048K), 2 survivors (2048K)
 Metaspace       used 3058K, committed 3328K, reserved 1114112K
  class space    used 320K, committed 448K, reserved 1048576K
}
Event: 1,460 GC heap before
{Heap before GC invocations=1 (full 0):
 garbage-first heap   total 124928K, used 29808K [0x0000000089400000, 0x0000000100000000)
  region size 1024K, 29 young (29696K), 2 survivors (2048K)
 Metaspace       used 8932K, committed 9280K, reserved 1114112K
  class space    used 1136K, committed 1280K, reserved 1048576K
}
Event: 1,467 GC heap after
{Heap after GC invocations=2 (full 0):
 garbage-first heap   total 124928K, used 4127K [0x0000000089400000, 0x0000000100000000)
  region size 1024K, 4 young (4096K), 4 survivors (4096K)
 Metaspace       used 8932K, committed 9280K, reserved 1114112K
  class space    used 1136K, committed 1280K, reserved 1048576K
}
Event: 2,079 GC heap before
{Heap before GC invocations=2 (full 0):
 garbage-first heap   total 124928K, used 44063K [0x0000000089400000, 0x0000000100000000)
  region size 1024K, 43 young (44032K), 4 survivors (4096K)
 Metaspace       used 15044K, committed 15360K, reserved 1114112K
  class space    used 1874K, committed 1984K, reserved 1048576K
}
Event: 2,087 GC heap after
{Heap after GC invocations=3 (full 0):
 garbage-first heap   total 124928K, used 5895K [0x0000000089400000, 0x0000000100000000)
  region size 1024K, 4 young (4096K), 4 survivors (4096K)
 Metaspace       used 15044K, committed 15360K, reserved 1114112K
  class space    used 1874K, committed 1984K, reserved 1048576K
}

